2018-07-31 2:49:00 PM, Info: Initializing SIMPLSharp Services...
2018-07-31 2:49:00 PM, Info: ProjectInfo successfully initialized.
2018-07-31 2:51:20 PM, Info: Validating assembly C:\Users\matklucznyk\OneDrive - RAVE AUDIO VISUAL\Modules\RAVE Modules\SIMPLSharp Projects\JsonStore\JsonStore\bin\Debug\JsonStore.dll...
2018-07-31 2:51:21 PM, Info: Verifying assembly C:\Users\matklucznyk\OneDrive - RAVE AUDIO VISUAL\Modules\RAVE Modules\SIMPLSharp Projects\JsonStore\JsonStore\bin\Debug\JsonStore.dll
2018-07-31 2:51:21 PM, Info: Creating Archive C:\Users\matklucznyk\OneDrive - RAVE AUDIO VISUAL\Modules\RAVE Modules\SIMPLSharp Projects\JsonStore\JsonStore\bin\Debug\JsonStore.clz...
2018-07-31 2:51:21 PM, Info: Saving project information...
2018-07-31 3:22:09 PM, Info: Validating assembly C:\Users\matklucznyk\OneDrive - RAVE AUDIO VISUAL\Modules\RAVE Modules\SIMPLSharp Projects\JsonStore\JsonStore\bin\Debug\JsonStore.dll...
2018-07-31 3:22:10 PM, Info: Verifying assembly C:\Users\matklucznyk\OneDrive - RAVE AUDIO VISUAL\Modules\RAVE Modules\SIMPLSharp Projects\JsonStore\JsonStore\bin\Debug\JsonStore.dll
2018-07-31 3:22:10 PM, Info: Creating Archive C:\Users\matklucznyk\OneDrive - RAVE AUDIO VISUAL\Modules\RAVE Modules\SIMPLSharp Projects\JsonStore\JsonStore\bin\Debug\JsonStore.clz...
2018-07-31 3:22:10 PM, Info: Saving project information...
2018-07-31 3:38:15 PM, Info: Validating assembly C:\Users\matklucznyk\OneDrive - RAVE AUDIO VISUAL\Modules\RAVE Modules\SIMPLSharp Projects\JsonStore\JsonStore\bin\Debug\JsonStore.dll...
2018-07-31 3:38:15 PM, Info: Verifying assembly C:\Users\matklucznyk\OneDrive - RAVE AUDIO VISUAL\Modules\RAVE Modules\SIMPLSharp Projects\JsonStore\JsonStore\bin\Debug\JsonStore.dll
2018-07-31 3:38:15 PM, Info: Creating Archive C:\Users\matklucznyk\OneDrive - RAVE AUDIO VISUAL\Modules\RAVE Modules\SIMPLSharp Projects\JsonStore\JsonStore\bin\Debug\JsonStore.clz...
2018-07-31 3:38:16 PM, Info: Saving project information...
2018-07-31 3:52:51 PM, Info: Validating assembly C:\Users\matklucznyk\OneDrive - RAVE AUDIO VISUAL\Modules\RAVE Modules\SIMPLSharp Projects\JsonStore\JsonStore\bin\Debug\JsonStore.dll...
2018-07-31 3:52:51 PM, Info: Verifying assembly C:\Users\matklucznyk\OneDrive - RAVE AUDIO VISUAL\Modules\RAVE Modules\SIMPLSharp Projects\JsonStore\JsonStore\bin\Debug\JsonStore.dll
2018-07-31 3:52:51 PM, Info: Creating Archive C:\Users\matklucznyk\OneDrive - RAVE AUDIO VISUAL\Modules\RAVE Modules\SIMPLSharp Projects\JsonStore\JsonStore\bin\Debug\JsonStore.clz...
2018-07-31 3:52:51 PM, Info: Saving project information...
2018-07-31 3:58:26 PM, Info: Validating assembly C:\Users\matklucznyk\OneDrive - RAVE AUDIO VISUAL\Modules\RAVE Modules\SIMPLSharp Projects\JsonStore\JsonStore\bin\Debug\JsonStore.dll...
2018-07-31 3:58:26 PM, Info: Verifying assembly C:\Users\matklucznyk\OneDrive - RAVE AUDIO VISUAL\Modules\RAVE Modules\SIMPLSharp Projects\JsonStore\JsonStore\bin\Debug\JsonStore.dll
2018-07-31 3:58:26 PM, Info: Creating Archive C:\Users\matklucznyk\OneDrive - RAVE AUDIO VISUAL\Modules\RAVE Modules\SIMPLSharp Projects\JsonStore\JsonStore\bin\Debug\JsonStore.clz...
2018-07-31 3:58:27 PM, Info: Saving project information...
2018-07-31 4:07:34 PM, Info: Validating assembly C:\Users\matklucznyk\OneDrive - RAVE AUDIO VISUAL\Modules\RAVE Modules\SIMPLSharp Projects\JsonStore\JsonStore\bin\Debug\JsonStore.dll...
2018-07-31 4:07:34 PM, Info: Verifying assembly C:\Users\matklucznyk\OneDrive - RAVE AUDIO VISUAL\Modules\RAVE Modules\SIMPLSharp Projects\JsonStore\JsonStore\bin\Debug\JsonStore.dll
2018-07-31 4:07:34 PM, Info: Creating Archive C:\Users\matklucznyk\OneDrive - RAVE AUDIO VISUAL\Modules\RAVE Modules\SIMPLSharp Projects\JsonStore\JsonStore\bin\Debug\JsonStore.clz...
2018-07-31 4:07:34 PM, Info: Saving project information...
2018-07-31 4:17:56 PM, Info: Terminating SIMPLSharp Services
